* using log directory ‘/Users/danielbarch/dfba/DFBA.Rcheck’
* using R version 4.2.2 (2022-10-31)
* using platform: x86_64-apple-darwin17.0 (64-bit)
* using session charset: UTF-8
* using options ‘--no-manual --as-cran’
* checking for file ‘DFBA/DESCRIPTION’ ... OK
* checking extension type ... Package
* this is package ‘DFBA’ version ‘0.1.0’
* package encoding: UTF-8
* checking package namespace information ... OK
* checking package dependencies ... OK
* checking if this is a source package ... OK
* checking if there is a namespace ... OK
* checking for executable files ... OK
* checking for hidden files and directories ... OK
* checking for portable file names ... OK
* checking for sufficient/correct file permissions ... OK
* checking serialization versions ... OK
* checking whether package ‘DFBA’ can be installed ... OK
* checking installed package size ... OK
* checking package directory ... OK
* checking for future file timestamps ... OK
* checking DESCRIPTION meta-information ... OK
* checking top-level files ... OK
* checking for left-over files ... OK
* checking index information ... OK
* checking package subdirectories ... OK
* checking R files for non-ASCII characters ... OK
* checking R files for syntax errors ... OK
* checking whether the package can be loaded ... OK
* checking whether the package can be loaded with stated dependencies ... OK
* checking whether the package can be unloaded cleanly ... OK
* checking whether the namespace can be loaded with stated dependencies ... OK
* checking whether the namespace can be unloaded cleanly ... OK
* checking dependencies in R code ... OK
* checking S3 generic/method consistency ... OK
* checking replacement functions ... OK
* checking foreign function calls ... OK
* checking R code for possible problems ... NOTE
dfba_beta_bayes_factor: no visible global function definition for
  ‘dbeta’
dfba_beta_descriptive: no visible global function definition for
  ‘dbeta’
plot,dfba_binomial_out: no visible global function definition for
  ‘dbeta’
plot,dfba_bivariate_concordance_out: no visible global function
  definition for ‘dbeta’
plot,dfba_bivariate_concordance_star_out: no visible global function
  definition for ‘dbeta’
plot,dfba_gamma_out: no visible global function definition for ‘dbeta’
plot,dfba_mann_whitney_large_out: no visible global function definition
  for ‘dbeta’
plot,dfba_mcnemar_out: no visible global function definition for
  ‘dbeta’
plot,dfba_sign_test_out: no visible global function definition for
  ‘dbeta’
plot,dfba_wilcoxon_large_out: no visible global function definition for
  ‘dbeta’
Undefined global functions or variables:
  dbeta
Consider adding
  importFrom("stats", "dbeta")
to your NAMESPACE file.
* checking Rd files ... OK
* checking Rd metadata ... OK
* checking Rd line widths ... OK
* checking Rd cross-references ... OK
* checking for missing documentation entries ... OK
* checking for code/documentation mismatches ... OK
* checking Rd \usage sections ... OK
* checking Rd contents ... OK
* checking for unstated dependencies in examples ... OK
* checking examples ... [20m/20m] OK
Examples with CPU (user + system) or elapsed time > 5s
                         user system elapsed
dfba_power_curve      621.834  3.757 626.485
dfba_mann_whitney     302.425  0.827 303.262
dfba_bayes_vs_t_power 180.686  0.967 181.882
dfba_wilcoxon          67.213  0.345  67.707
* checking for unstated dependencies in ‘tests’ ... OK
* checking tests ... ERROR
  Running ‘testthat.R’
Running the tests in ‘tests/testthat.R’ failed.
Complete output:
  > # This file is part of the standard setup for testthat.
  > # It is recommended that you do not modify it.
  > #
  > # Where should you do additional test configuration?
  > # Learn more about the roles of various files in:
  > # * https://r-pkgs.org/tests.html
  > # * https://testthat.r-lib.org/reference/test_package.html#special-files
  > 
  > library(testthat)
  > library(dfba.R)
  Error in library(dfba.R) : there is no package called 'dfba.R'
  Execution halted
* checking for non-standard things in the check directory ... OK
* checking for detritus in the temp directory ... OK
* DONE
Status: 1 ERROR, 1 NOTE
